<?xml version="1.0" encoding="UTF-8"?>
<!-- Generated by org.testng.reporters.JUnitXMLReporter -->
<testsuite ignored="0" hostname="vikram" failures="1" tests="3" name="Error Validations Test" time="23.451" errors="0" timestamp="2024-12-15T20:42:18 IST">
  <testcase classname="com.vikram.tests.ErrorValidationsTest" name="loginErrorValidation" time="0.365">
    <skipped/>
  </testcase> <!-- loginErrorValidation -->
  <testcase classname="com.vikram.tests.ErrorValidationsTest" name="loginErrorValidation" time="0.868">
    <failure type="java.lang.AssertionError" message="expected [Incorrect email or password.] but found [Incorrect email password.]">
      <![CDATA[java.lang.AssertionError: expected [Incorrect email or password.] but found [Incorrect email password.]
at com.vikram.tests.ErrorValidationsTest.loginErrorValidation(ErrorValidationsTest.java:22)
at java.base/java.util.ArrayList.forEach(ArrayList.java:1596)
at java.base/java.util.concurrent.FutureTask.run(FutureTask.java:317)
at java.base/java.util.concurrent.ThreadPoolExecutor.runWorker(ThreadPoolExecutor.java:1144)
at java.base/java.util.concurrent.ThreadPoolExecutor$Worker.run(ThreadPoolExecutor.java:642)
at java.base/java.lang.Thread.run(Thread.java:1583)
... Removed 21 stack frames]]>
    </failure>
  </testcase> <!-- loginErrorValidation -->
  <testcase classname="com.vikram.tests.ErrorValidationsTest" name="productErrorValidation" time="12.629"/>
</testsuite> <!-- Error Validations Test -->
